<?xml version='1.0' encoding='UTF-8'?>
<QCARConfig>
    <Tracking>
        <VuMark name="Chateau" size="0.10000000149011612 0.0493412177379" />
    </Tracking>
</QCARConfig>